d:\labs\course 2\term 1\software engineering\09. parser development\parser_development\parser_development\debug\vc143.pdb
d:\labs\course 2\term 1\software engineering\09. parser development\parser_development\parser_development\debug\vc143.idb
d:\labs\course 2\term 1\software engineering\09. parser development\parser_development\parser_development\debug\parm.obj
d:\labs\course 2\term 1\software engineering\09. parser development\parser_development\parser_development\debug\main.obj
d:\labs\course 2\term 1\software engineering\09. parser development\parser_development\parser_development\debug\lt.obj
d:\labs\course 2\term 1\software engineering\09. parser development\parser_development\parser_development\debug\log.obj
d:\labs\course 2\term 1\software engineering\09. parser development\parser_development\parser_development\debug\in.obj
d:\labs\course 2\term 1\software engineering\09. parser development\parser_development\parser_development\debug\fst.obj
d:\labs\course 2\term 1\software engineering\09. parser development\parser_development\parser_development\debug\error.obj
d:\labs\course 2\term 1\software engineering\09. parser development\parser_development\parser_development\debug\it.obj
d:\labs\course 2\term 1\software engineering\09. parser development\parser_development\parser_development\debug\grb.obj
d:\labs\course 2\term 1\software engineering\09. parser development\parser_development\parser_development\debug\mfst.obj
d:\labs\course 2\term 1\software engineering\09. parser development\parser_development\debug\parser_development.pdb
d:\labs\course 2\term 1\software engineering\09. parser development\parser_development\parser_development\debug\parser_d.e1b34f9f.tlog\cl.command.1.tlog
d:\labs\course 2\term 1\software engineering\09. parser development\parser_development\parser_development\debug\parser_d.e1b34f9f.tlog\cl.read.1.tlog
d:\labs\course 2\term 1\software engineering\09. parser development\parser_development\parser_development\debug\parser_d.e1b34f9f.tlog\cl.write.1.tlog
d:\labs\course 2\term 1\software engineering\09. parser development\parser_development\parser_development\debug\parser_d.e1b34f9f.tlog\link.13132-cvtres.read.1.tlog
d:\labs\course 2\term 1\software engineering\09. parser development\parser_development\parser_development\debug\parser_d.e1b34f9f.tlog\link.13132-cvtres.write.1.tlog
d:\labs\course 2\term 1\software engineering\09. parser development\parser_development\parser_development\debug\parser_d.e1b34f9f.tlog\link.13132-rc.read.1.tlog
d:\labs\course 2\term 1\software engineering\09. parser development\parser_development\parser_development\debug\parser_d.e1b34f9f.tlog\link.13132-rc.write.1.tlog
d:\labs\course 2\term 1\software engineering\09. parser development\parser_development\parser_development\debug\parser_d.e1b34f9f.tlog\link.13132.read.1.tlog
d:\labs\course 2\term 1\software engineering\09. parser development\parser_development\parser_development\debug\parser_d.e1b34f9f.tlog\link.13132.write.1.tlog
d:\labs\course 2\term 1\software engineering\09. parser development\parser_development\parser_development\debug\parser_d.e1b34f9f.tlog\link.command.1.tlog
d:\labs\course 2\term 1\software engineering\09. parser development\parser_development\parser_development\debug\parser_d.e1b34f9f.tlog\link.read.1.tlog
d:\labs\course 2\term 1\software engineering\09. parser development\parser_development\parser_development\debug\parser_d.e1b34f9f.tlog\link.write.1.tlog
