  In.cpp
  The contents of <filesystem> are available only with C++17 or later.
D:\Labs\Course 2\Term 1\Software engineering\08\SE_Lab08\SE_Lab08\In.cpp(73,29): warning C4244: инициализация: преобразование "wchar_t" в "unsigned char", возможна потеря данных
D:\Labs\Course 2\Term 1\Software engineering\08\SE_Lab08\SE_Lab08\In.cpp(88,22): warning C4244: =: преобразование "wchar_t" в "char", возможна потеря данных
D:\Labs\Course 2\Term 1\Software engineering\08\SE_Lab08\SE_Lab08\In.cpp(89,22): warning C4244: =: преобразование "wchar_t" в "char", возможна потеря данных
D:\Labs\Course 2\Term 1\Software engineering\08\SE_Lab08\SE_Lab08\In.cpp(138,13): warning C4244: аргумент: преобразование "wchar_t" в "const _Elem", возможна потеря данных
          with
          [
              _Elem=char
          ]
D:\Labs\Course 2\Term 1\Software engineering\08\SE_Lab08\SE_Lab08\In.cpp(155,16): warning C4244: аргумент: преобразование "wchar_t" в "_Elem", возможна потеря данных
          with
          [
              _Elem=char
          ]
D:\Labs\Course 2\Term 1\Software engineering\08\SE_Lab08\SE_Lab08\In.cpp(170,21): warning C4018: <: несоответствие типов со знаком и без знака
D:\Labs\Course 2\Term 1\Software engineering\08\SE_Lab08\SE_Lab08\In.cpp(353,21): warning C4018: <: несоответствие типов со знаком и без знака
D:\Labs\Course 2\Term 1\Software engineering\08\SE_Lab08\SE_Lab08\In.cpp(357,21): warning C4018: <: несоответствие типов со знаком и без знака
  IT.cpp
D:\Labs\Course 2\Term 1\Software engineering\08\SE_Lab08\SE_Lab08\IT.cpp(28,21): warning C4018: <: несоответствие типов со знаком и без знака
  Создание кода...
D:\Labs\Course 2\Term 1\Software engineering\08\SE_Lab08\SE_Lab08\In.cpp(362): warning C4715: In::getin: значение возвращается не при всех путях выполнения
  SE_Lab08.vcxproj -> D:\Labs\Course 2\Term 1\Software engineering\08\SE_Lab08\Debug\SE_Lab08.exe
