d:\labs\course 2\term 1\software engineering\08\se_lab08\se_lab08\debug\vc143.pdb
d:\labs\course 2\term 1\software engineering\08\se_lab08\se_lab08\debug\vc143.idb
d:\labs\course 2\term 1\software engineering\08\se_lab08\se_lab08\debug\pch.obj
d:\labs\course 2\term 1\software engineering\08\se_lab08\se_lab08\debug\parm.obj
d:\labs\course 2\term 1\software engineering\08\se_lab08\se_lab08\debug\main.obj
d:\labs\course 2\term 1\software engineering\08\se_lab08\se_lab08\debug\log.obj
d:\labs\course 2\term 1\software engineering\08\se_lab08\se_lab08\debug\in.obj
d:\labs\course 2\term 1\software engineering\08\se_lab08\se_lab08\debug\error.obj
d:\labs\course 2\term 1\software engineering\08\se_lab08\se_lab08\debug\lt.obj
d:\labs\course 2\term 1\software engineering\08\se_lab08\se_lab08\debug\it.obj
d:\labs\course 2\term 1\software engineering\08\se_lab08\se_lab08\debug\fst.obj
d:\labs\course 2\term 1\software engineering\08\se_lab08\se_lab08\debug\phrases.obj
d:\labs\course 2\term 1\software engineering\08\se_lab08\se_lab08\debug\in.obj.enc
d:\labs\course 2\term 1\software engineering\08\se_lab08\debug\se_lab08.pdb
d:\labs\course 2\term 1\software engineering\08\se_lab08\se_lab08\debug\se_lab08.tlog\cl.command.1.tlog
d:\labs\course 2\term 1\software engineering\08\se_lab08\se_lab08\debug\se_lab08.tlog\cl.read.1.tlog
d:\labs\course 2\term 1\software engineering\08\se_lab08\se_lab08\debug\se_lab08.tlog\cl.write.1.tlog
d:\labs\course 2\term 1\software engineering\08\se_lab08\se_lab08\debug\se_lab08.tlog\link-cvtres.read.1.tlog
d:\labs\course 2\term 1\software engineering\08\se_lab08\se_lab08\debug\se_lab08.tlog\link-cvtres.write.1.tlog
d:\labs\course 2\term 1\software engineering\08\se_lab08\se_lab08\debug\se_lab08.tlog\link-rc.read.1.tlog
d:\labs\course 2\term 1\software engineering\08\se_lab08\se_lab08\debug\se_lab08.tlog\link-rc.write.1.tlog
d:\labs\course 2\term 1\software engineering\08\se_lab08\se_lab08\debug\se_lab08.tlog\link.29656-cvtres.read.1.tlog
d:\labs\course 2\term 1\software engineering\08\se_lab08\se_lab08\debug\se_lab08.tlog\link.29656-cvtres.write.1.tlog
d:\labs\course 2\term 1\software engineering\08\se_lab08\se_lab08\debug\se_lab08.tlog\link.29656-rc.read.1.tlog
d:\labs\course 2\term 1\software engineering\08\se_lab08\se_lab08\debug\se_lab08.tlog\link.29656-rc.write.1.tlog
d:\labs\course 2\term 1\software engineering\08\se_lab08\se_lab08\debug\se_lab08.tlog\link.29656.read.1.tlog
d:\labs\course 2\term 1\software engineering\08\se_lab08\se_lab08\debug\se_lab08.tlog\link.29656.write.1.tlog
d:\labs\course 2\term 1\software engineering\08\se_lab08\se_lab08\debug\se_lab08.tlog\link.command.1.tlog
d:\labs\course 2\term 1\software engineering\08\se_lab08\se_lab08\debug\se_lab08.tlog\link.read.1.tlog
d:\labs\course 2\term 1\software engineering\08\se_lab08\se_lab08\debug\se_lab08.tlog\link.write.1.tlog
